"../../../Engine/Content/Animation/DefaultAnimBoneCompressionSettings.uasset" 0
"C:/Users/mason/Documents/Unreal Projects/Team13Altruism/Content/Meshes/BearRig/BearSkeleton.uasset" 1
"C:/Users/mason/Documents/Unreal Projects/Team13Altruism/Content/Meshes/BearRig/Animations/Breathing_Idle.uasset" 2
"C:/Users/mason/Documents/Unreal Projects/Team13Altruism/Content/Meshes/BearRig/Animations/Running_Anim.uasset" 3
"C:/Users/mason/Documents/Unreal Projects/Team13Altruism/Content/Meshes/BearRig/AnimBP_Bear.uasset" 4
"../../../Engine/Content/EditorBlueprintResources/StandardMacros.uasset" 5
"C:/Users/mason/Documents/Unreal Projects/Team13Altruism/Content/Blueprints/AC_Health.uasset" 6
"../../../Engine/Content/BasicShapes/BasicShapeMaterial.uasset" 7
"C:/Users/mason/Documents/Unreal Projects/Team13Altruism/Content/Materials/M_Hologram.uasset" 8
"C:/Users/mason/Documents/Unreal Projects/Team13Altruism/Content/Materials/MI_HologramBlue.uasset" 9
"C:/Users/mason/Documents/Unreal Projects/Team13Altruism/Content/Materials/MI_HologramRed.uasset" 10
"../../../Engine/Content/Functions/Engine_MaterialFunctions01/Opacity/CameraDepthFade.uasset" 11
"../../../Engine/Content/EngineMaterials/T_Default_Material_Grid_M.uasset" 12
"../../../Engine/Content/EngineMaterials/T_Default_Material_Grid_N.uasset" 13
"../../../Engine/Content/EngineMaterials/WorldGridMaterial.uasset" 14
"../../../Engine/Content/BasicShapes/Plane.uasset" 15
"C:/Users/mason/Documents/Unreal Projects/Team13Altruism/Content/Blueprints/BP_Grid.uasset" 16
"../../../Engine/Content/BasicShapes/Cube.uasset" 17
"C:/Users/mason/Documents/Unreal Projects/Team13Altruism/Content/Blueprints/Towers/BP_Weapon.uasset" 18
"C:/Users/mason/Documents/Unreal Projects/Team13Altruism/Content/Blueprints/BP_Weapon.uasset" 19
"C:/Users/mason/Documents/Unreal Projects/Team13Altruism/Content/Blueprints/BPI_GridInteraction.uasset" 20
"C:/Users/mason/Documents/Unreal Projects/Team13Altruism/Content/Materials/BigSpid_M/bigspid_lp_initialShadingGroup_BaseColor.uasset" 21
"C:/Users/mason/Documents/Unreal Projects/Team13Altruism/Content/Materials/BigSpid_M/bigspid_lp_initialShadingGroup_Normal.uasset" 22
"C:/Users/mason/Documents/Unreal Projects/Team13Altruism/Content/Materials/BigSpid_M/bigspid_lp_initialShadingGroup_OcclusionRoughnessMetallic.uasset" 23
"C:/Users/mason/Documents/Unreal Projects/Team13Altruism/Content/Materials/BigSpid_M/BigSpid_M.uasset" 24
"C:/Users/mason/Documents/Unreal Projects/Team13Altruism/Content/Meshes/Enemy_3.uasset" 25
"C:/Users/mason/Documents/Unreal Projects/Team13Altruism/Content/Blueprints/AI/BP_EnemyAI_Large.uasset" 26
"C:/Users/mason/Documents/Unreal Projects/Team13Altruism/Content/Materials/MidSpid_M/midspid_lp_initialShadingGroup_BaseColor.uasset" 27
"C:/Users/mason/Documents/Unreal Projects/Team13Altruism/Content/Materials/MidSpid_M/midspid_lp_initialShadingGroup_Normal.uasset" 28
"C:/Users/mason/Documents/Unreal Projects/Team13Altruism/Content/Materials/MidSpid_M/midspid_lp_initialShadingGroup_OcclusionRoughnessMetallic.uasset" 29
"C:/Users/mason/Documents/Unreal Projects/Team13Altruism/Content/Materials/MidSpid_M/MidSpid_M.uasset" 30
"C:/Users/mason/Documents/Unreal Projects/Team13Altruism/Content/Meshes/Enemy_2.uasset" 31
"C:/Users/mason/Documents/Unreal Projects/Team13Altruism/Content/Blueprints/AI/BP_EnemyAI_Medium.uasset" 32
"C:/Users/mason/Documents/Unreal Projects/Team13Altruism/Content/Materials/LilSpid_M/lilspid_lp_initialShadingGroup_BaseColor.uasset" 33
"C:/Users/mason/Documents/Unreal Projects/Team13Altruism/Content/Materials/LilSpid_M/lilspid_lp_initialShadingGroup_Normal.uasset" 34
"C:/Users/mason/Documents/Unreal Projects/Team13Altruism/Content/Materials/LilSpid_M/lilspid_lp_initialShadingGroup_OcclusionRoughnessMetallic.uasset" 35
"C:/Users/mason/Documents/Unreal Projects/Team13Altruism/Content/Materials/LilSpid_M/LilSpid_M.uasset" 36
"C:/Users/mason/Documents/Unreal Projects/Team13Altruism/Content/Meshes/Enemy_1.uasset" 37
"C:/Users/mason/Documents/Unreal Projects/Team13Altruism/Content/Blueprints/AI/BP_EnemyAI_Small.uasset" 38
"C:/Users/mason/Documents/Unreal Projects/Team13Altruism/Content/Blueprints/AI/BP_SpawnPoint.uasset" 39
"C:/Users/mason/Documents/Unreal Projects/Team13Altruism/Content/Materials/Ball_M/ball_lp_initialShadingGroup_BaseColor.uasset" 40
"C:/Users/mason/Documents/Unreal Projects/Team13Altruism/Content/Materials/Ball_M/ball_lp_initialShadingGroup_Normal.uasset" 41
"C:/Users/mason/Documents/Unreal Projects/Team13Altruism/Content/Materials/Ball_M/ball_lp_initialShadingGroup_OcclusionRoughnessMetallic.uasset" 42
"C:/Users/mason/Documents/Unreal Projects/Team13Altruism/Content/Materials/Ball_M/Ball_M.uasset" 43
"C:/Users/mason/Documents/Unreal Projects/Team13Altruism/Content/Meshes/Ball.uasset" 44
"C:/Users/mason/Documents/Unreal Projects/Team13Altruism/Content/Blueprints/Towers/BP_Ball.uasset" 45
"C:/Users/mason/Documents/Unreal Projects/Team13Altruism/Content/Materials/WoodenBlocks_M/LP_WoodenBlocks_ALL_initialShadingGroup_BaseColor.uasset" 46
"C:/Users/mason/Documents/Unreal Projects/Team13Altruism/Content/Materials/WoodenBlocks_M/LP_WoodenBlocks_ALL_initialShadingGroup_Normal.uasset" 47
"C:/Users/mason/Documents/Unreal Projects/Team13Altruism/Content/Materials/WoodenBlocks_M/LP_WoodenBlocks_ALL_initialShadingGroup_OcclusionRoughnessMetallic.uasset" 48
"C:/Users/mason/Documents/Unreal Projects/Team13Altruism/Content/Materials/WoodenBlocks_M/WoodenBlocks_M.uasset" 49
"C:/Users/mason/Documents/Unreal Projects/Team13Altruism/Content/Meshes/WoodenBlock_Tower1.uasset" 50
"C:/Users/mason/Documents/Unreal Projects/Team13Altruism/Content/Blueprints/Towers/BP_Block.uasset" 51
"../../../Engine/Content/EngineMaterials/DefaultMaterial.uasset" 52
"../../../Engine/Content/BasicShapes/Cone.uasset" 53
"C:/Users/mason/Documents/Unreal Projects/Team13Altruism/Content/Materials/Lamp_M/Lamp_LP_initialShadingGroup_BaseColor.uasset" 54
"C:/Users/mason/Documents/Unreal Projects/Team13Altruism/Content/Materials/Lamp_M/Lamp_LP_initialShadingGroup_Normal.uasset" 55
"C:/Users/mason/Documents/Unreal Projects/Team13Altruism/Content/Materials/Lamp_M/Lamp_LP_initialShadingGroup_OcclusionRoughnessMetallic.uasset" 56
"C:/Users/mason/Documents/Unreal Projects/Team13Altruism/Content/Materials/Lamp_M/Lamp_M.uasset" 57
"C:/Users/mason/Documents/Unreal Projects/Team13Altruism/Content/Meshes/Lamp.uasset" 58
"C:/Users/mason/Documents/Unreal Projects/Team13Altruism/Content/Blueprints/Towers/BP_Light.uasset" 59
"../../../Engine/Content/EngineMeshes/Sphere.uasset" 60
"C:/Users/mason/Documents/Unreal Projects/Team13Altruism/Content/Blueprints/Towers/BP_ToyRobotProjectile.uasset" 61
"C:/Users/mason/Documents/Unreal Projects/Team13Altruism/Content/Materials/Robot_M/robot_lp_initialShadingGroup_BaseColor.uasset" 62
"C:/Users/mason/Documents/Unreal Projects/Team13Altruism/Content/Materials/Robot_M/robot_lp_initialShadingGroup_Normal.uasset" 63
"C:/Users/mason/Documents/Unreal Projects/Team13Altruism/Content/Materials/Robot_M/robot_lp_initialShadingGroup_OcclusionRoughnessMetallic.uasset" 64
"C:/Users/mason/Documents/Unreal Projects/Team13Altruism/Content/Materials/Robot_M/Robot_M.uasset" 65
"C:/Users/mason/Documents/Unreal Projects/Team13Altruism/Content/Meshes/Robot.uasset" 66
"C:/Users/mason/Documents/Unreal Projects/Team13Altruism/Content/Blueprints/Towers/BP_ToyRobot.uasset" 67
"C:/Users/mason/Documents/Unreal Projects/Team13Altruism/Content/Blueprints/ST_TowerSelection.uasset" 68
"C:/Users/mason/Documents/Unreal Projects/Team13Altruism/Content/Blueprints/BP_Pickup.uasset" 69
"C:/Users/mason/Documents/Unreal Projects/Team13Altruism/Content/Blueprints/BP_PickupSpawner.uasset" 70
"C:/Users/mason/Documents/Unreal Projects/Team13Altruism/Content/Blueprints/AI/S_WaveDetails.uasset" 71
"C:/Users/mason/Documents/Unreal Projects/Team13Altruism/Content/Blueprints/AI/DT_WaveDetails.uasset" 72
"C:/Users/mason/Documents/Unreal Projects/Team13Altruism/Content/Blueprints/UI/Art/Win_Screen_Final.uasset" 73
"C:/Users/mason/Documents/Unreal Projects/Team13Altruism/Content/Blueprints/UI/Art/EXIT_TO_MAIN_MENU.uasset" 74
"C:/Users/mason/Documents/Unreal Projects/Team13Altruism/Content/Blueprints/UI/Art/SCORE.uasset" 75
"C:/Users/mason/Documents/Unreal Projects/Team13Altruism/Content/Blueprints/UI/Art/unlockables.uasset" 76
"C:/Users/mason/Documents/Unreal Projects/Team13Altruism/Content/Blueprints/UI/Art/titlevers13.uasset" 77
"C:/Users/mason/Documents/Unreal Projects/Team13Altruism/Content/Blueprints/UI/Art/BACK.uasset" 78
"C:/Users/mason/Documents/Unreal Projects/Team13Altruism/Content/Blueprints/UI/Art/CREDITS.uasset" 79
"C:/Users/mason/Documents/Unreal Projects/Team13Altruism/Content/Blueprints/UI/Art/title.uasset" 80
"C:/Users/mason/Documents/Unreal Projects/Team13Altruism/Content/Blueprints/UI/Menus/UI_Credits.uasset" 81
"C:/Users/mason/Documents/Unreal Projects/Team13Altruism/Content/Blueprints/UI/Art/Arrow.uasset" 82
"C:/Users/mason/Documents/Unreal Projects/Team13Altruism/Content/Blueprints/UI/Art/howto1.uasset" 83
"C:/Users/mason/Documents/Unreal Projects/Team13Altruism/Content/Blueprints/UI/Art/Arrow2.uasset" 84
"C:/Users/mason/Documents/Unreal Projects/Team13Altruism/Content/Blueprints/UI/Art/howto2.uasset" 85
"C:/Users/mason/Documents/Unreal Projects/Team13Altruism/Content/Blueprints/UI/Menus/UI_HowToPlay2.uasset" 86
"C:/Users/mason/Documents/Unreal Projects/Team13Altruism/Content/Blueprints/UI/Menus/UI_HowToPlay.uasset" 87
"C:/Users/mason/Documents/Unreal Projects/Team13Altruism/Content/Blueprints/UI/Art/DELETE_HIGHSCORE.uasset" 88
"C:/Users/mason/Documents/Unreal Projects/Team13Altruism/Content/Blueprints/UI/Art/SETTINGS.uasset" 89
"C:/Users/mason/Documents/Unreal Projects/Team13Altruism/Content/Blueprints/UI/Menus/UI_Settings.uasset" 90
"C:/Users/mason/Documents/Unreal Projects/Team13Altruism/Content/Blueprints/UI/Menus/ST_UnlockInfo.uasset" 91
"C:/Users/mason/Documents/Unreal Projects/Team13Altruism/Content/Blueprints/UI/Menus/UI_ImageViewer.uasset" 92
"C:/Users/mason/Documents/Unreal Projects/Team13Altruism/Content/Blueprints/UI/Menus/UI_UnlockIcon.uasset" 93
"C:/Users/mason/Documents/Unreal Projects/Team13Altruism/Content/Blueprints/UI/Art/Unlockables/AGEnemies.uasset" 94
"C:/Users/mason/Documents/Unreal Projects/Team13Altruism/Content/Blueprints/UI/Art/Unlockables/AGEnemies2.uasset" 95
"C:/Users/mason/Documents/Unreal Projects/Team13Altruism/Content/Blueprints/UI/Art/Unlockables/AGMenu.uasset" 96
"C:/Users/mason/Documents/Unreal Projects/Team13Altruism/Content/Blueprints/UI/Art/Unlockables/AGTitles.uasset" 97
"C:/Users/mason/Documents/Unreal Projects/Team13Altruism/Content/Blueprints/UI/Art/Unlockables/AYBed.uasset" 98
"C:/Users/mason/Documents/Unreal Projects/Team13Altruism/Content/Blueprints/UI/Art/Unlockables/AYDayNight.uasset" 99
"C:/Users/mason/Documents/Unreal Projects/Team13Altruism/Content/Blueprints/UI/Art/Unlockables/AYLamp.uasset" 100
"C:/Users/mason/Documents/Unreal Projects/Team13Altruism/Content/Blueprints/UI/Art/Unlockables/AYToyBox.uasset" 101
"C:/Users/mason/Documents/Unreal Projects/Team13Altruism/Content/Blueprints/UI/Art/Unlockables/AYToys.uasset" 102
"C:/Users/mason/Documents/Unreal Projects/Team13Altruism/Content/Blueprints/UI/Art/Unlockables/MGBear.uasset" 103
"C:/Users/mason/Documents/Unreal Projects/Team13Altruism/Content/Blueprints/UI/Art/Unlockables/MGLose.uasset" 104
"C:/Users/mason/Documents/Unreal Projects/Team13Altruism/Content/Blueprints/UI/Art/Unlockables/MGLoseSketch.uasset" 105
"C:/Users/mason/Documents/Unreal Projects/Team13Altruism/Content/Blueprints/UI/Art/Unlockables/MGTitle.uasset" 106
"C:/Users/mason/Documents/Unreal Projects/Team13Altruism/Content/Blueprints/UI/Art/Unlockables/MGWin.uasset" 107
"C:/Users/mason/Documents/Unreal Projects/Team13Altruism/Content/Blueprints/UI/Art/Unlockables/MGWinColours.uasset" 108
"C:/Users/mason/Documents/Unreal Projects/Team13Altruism/Content/Blueprints/UI/Art/Unlockables/MGWinSketch.uasset" 109
"C:/Users/mason/Documents/Unreal Projects/Team13Altruism/Content/Blueprints/UI/Art/UNLOCKABLES__1_.uasset" 110
"C:/Users/mason/Documents/Unreal Projects/Team13Altruism/Content/Blueprints/UI/Menus/UI_Unlockables.uasset" 111
"C:/Users/mason/Documents/Unreal Projects/Team13Altruism/Content/Blueprints/UI/Menus/UI_MainMenu.uasset" 112
"C:/Users/mason/Documents/Unreal Projects/Team13Altruism/Content/Blueprints/UI/Menus/UI_Score.uasset" 113
"C:/Users/mason/Documents/Unreal Projects/Team13Altruism/Content/Blueprints/UI/UI_WinScreen.uasset" 114
"C:/Users/mason/Documents/Unreal Projects/Team13Altruism/Content/Blueprints/GM_Bed.uasset" 115
"C:/Users/mason/Documents/Unreal Projects/Team13Altruism/Content/Blueprints/SG_Highscore.uasset" 116
"C:/Users/mason/Documents/Unreal Projects/Team13Altruism/Content/Blueprints/UI/Art/Ball_Icon.uasset" 117
"C:/Users/mason/Documents/Unreal Projects/Team13Altruism/Content/Blueprints/UI/Art/Block_Icon.uasset" 118
"C:/Users/mason/Documents/Unreal Projects/Team13Altruism/Content/Blueprints/UI/Art/Lamp_Icon.uasset" 119
"C:/Users/mason/Documents/Unreal Projects/Team13Altruism/Content/Blueprints/UI/Art/Robot_Icon.uasset" 120
"C:/Users/mason/Documents/Unreal Projects/Team13Altruism/Content/Blueprints/UI/Art/QUIT.uasset" 121
"C:/Users/mason/Documents/Unreal Projects/Team13Altruism/Content/Blueprints/UI/Art/RESUME.uasset" 122
"C:/Users/mason/Documents/Unreal Projects/Team13Altruism/Content/Blueprints/UI/Menus/UI_PauseMenu.uasset" 123
"C:/Users/mason/Documents/Unreal Projects/Team13Altruism/Content/Blueprints/UI/Art/ENEMIEZ.uasset" 124
"C:/Users/mason/Documents/Unreal Projects/Team13Altruism/Content/Blueprints/UI/Art/HIGHSCORE.uasset" 125
"C:/Users/mason/Documents/Unreal Projects/Team13Altruism/Content/Blueprints/UI/Art/WAVE.uasset" 126
"C:/Users/mason/Documents/Unreal Projects/Team13Altruism/Content/Blueprints/UI/UI_TowerIcon.uasset" 127
"C:/Users/mason/Documents/Unreal Projects/Team13Altruism/Content/Blueprints/UI/UI_Hud.uasset" 128
"C:/Users/mason/Documents/Unreal Projects/Team13Altruism/Content/Materials/Bear_M/LP_Bear_initialShadingGroup_BaseColor.uasset" 129
"C:/Users/mason/Documents/Unreal Projects/Team13Altruism/Content/Materials/Bear_M/LP_Bear_initialShadingGroup_Normal.uasset" 130
"C:/Users/mason/Documents/Unreal Projects/Team13Altruism/Content/Materials/Bear_M/LP_Bear_initialShadingGroup_OcclusionRoughnessMetallic.uasset" 131
"C:/Users/mason/Documents/Unreal Projects/Team13Altruism/Content/Materials/Bear_M/Bear_M.uasset" 132
"C:/Users/mason/Documents/Unreal Projects/Team13Altruism/Content/Meshes/BearRig/BearPhysics.uasset" 133
"C:/Users/mason/Documents/Unreal Projects/Team13Altruism/Content/Meshes/BearRig/BearMesh.uasset" 134
"C:/Users/mason/Documents/Unreal Projects/Team13Altruism/Content/Blueprints/BP_Teddy.uasset" 135
"C:/Users/mason/Documents/Unreal Projects/Team13Altruism/Content/Blueprints/UI/Art/Lose_Screen_Final.uasset" 136
"C:/Users/mason/Documents/Unreal Projects/Team13Altruism/Content/Blueprints/UI/UI_LoseScreen.uasset" 137
"C:/Users/mason/Documents/Unreal Projects/Team13Altruism/Content/Blueprints/AI/BP_EnemyAI.uasset" 138
"C:/Users/mason/Documents/Unreal Projects/Team13Altruism/Content/Blueprints/BP_EnemyAI1.uasset" 139
"../../../Engine/Content/EngineMeshes/Cube.uasset" 140
"C:/Users/mason/Documents/Unreal Projects/Team13Altruism/Content/Blueprints/BP_ToyBox.uasset" 141
"C:/Users/mason/Documents/Unreal Projects/Team13Altruism/Content/Blueprints/AI/M_Blue.uasset" 142
"C:/Users/mason/Documents/Unreal Projects/Team13Altruism/Content/Blueprints/AI/M_Red.uasset" 143
"C:/Users/mason/Documents/Unreal Projects/Team13Altruism/Content/Blueprints/Towers/BP_Marbles.uasset" 144
"C:/Users/mason/Documents/Unreal Projects/Team13Altruism/Content/Blueprints/Towers/BP_Nutcracker.uasset" 145
"C:/Users/mason/Documents/Unreal Projects/Team13Altruism/Content/Blueprints/UI/UI_MainMenu.uasset" 146
"C:/Users/mason/Documents/Unreal Projects/Team13Altruism/Content/Blueprints/UI/Art/Blackboardlose.uasset" 147
"C:/Users/mason/Documents/Unreal Projects/Team13Altruism/Content/Blueprints/UI/Art/Blackboardwin.uasset" 148
"C:/Users/mason/Documents/Unreal Projects/Team13Altruism/Content/Blueprints/UI/Art/Lose_Screen_title8.uasset" 149
"C:/Users/mason/Documents/Unreal Projects/Team13Altruism/Content/Blueprints/UI/Art/titlescreen.uasset" 150
"C:/Users/mason/Documents/Unreal Projects/Team13Altruism/Content/Blueprints/UI/Art/white_line.uasset" 151
"C:/Users/mason/Documents/Unreal Projects/Team13Altruism/Content/Blueprints/UI/Art/Win_screen_background.uasset" 152
"C:/Users/mason/Documents/Unreal Projects/Team13Altruism/Content/Blueprints/UI/Art/yellow_line.uasset" 153
"C:/Users/mason/Documents/Unreal Projects/Team13Altruism/Content/DayNightCycle/Day1.uasset" 154
"C:/Users/mason/Documents/Unreal Projects/Team13Altruism/Content/DayNightCycle/Day2.uasset" 155
"C:/Users/mason/Documents/Unreal Projects/Team13Altruism/Content/DayNightCycle/Day3.uasset" 156
"C:/Users/mason/Documents/Unreal Projects/Team13Altruism/Content/DayNightCycle/Night1.uasset" 157
"C:/Users/mason/Documents/Unreal Projects/Team13Altruism/Content/DayNightCycle/Night2.uasset" 158
"C:/Users/mason/Documents/Unreal Projects/Team13Altruism/Content/Materials/WallNormal_V2_M/WallNormal_V2_M.uasset" 159
"C:/Users/mason/Documents/Unreal Projects/Team13Altruism/Content/Materials/WallWindow_V2_M/WallWindow_V2_M.uasset" 160
"C:/Users/mason/Documents/Unreal Projects/Team13Altruism/Content/Meshes/LP_Ball.uasset" 161
"C:/Users/mason/Documents/Unreal Projects/Team13Altruism/Content/Meshes/ball_lp.uasset" 162
"C:/Users/mason/Documents/Unreal Projects/Team13Altruism/Content/Meshes/Bear.uasset" 163
"C:/Users/mason/Documents/Unreal Projects/Team13Altruism/Content/Meshes/bigspid_lp_1_.uasset" 164
"C:/Users/mason/Documents/Unreal Projects/Team13Altruism/Content/Meshes/Lamp_LP.uasset" 165
"C:/Users/mason/Documents/Unreal Projects/Team13Altruism/Content/Meshes/lilspid_lp_1_.uasset" 166
"C:/Users/mason/Documents/Unreal Projects/Team13Altruism/Content/Materials/BeanBag_M/HP_BeanBag_initialShadingGroup_BaseColor.uasset" 167
"C:/Users/mason/Documents/Unreal Projects/Team13Altruism/Content/Materials/BeanBag_M/HP_BeanBag_initialShadingGroup_Normal.uasset" 168
"C:/Users/mason/Documents/Unreal Projects/Team13Altruism/Content/Materials/BeanBag_M/HP_BeanBag_initialShadingGroup_OcclusionRoughnessMetallic.uasset" 169
"C:/Users/mason/Documents/Unreal Projects/Team13Altruism/Content/Materials/BeanBag_M/BeanBag_M.uasset" 170
"C:/Users/mason/Documents/Unreal Projects/Team13Altruism/Content/Meshes/BeanBag.uasset" 171
"C:/Users/mason/Documents/Unreal Projects/Team13Altruism/Content/Meshes/LP_BeanBag.uasset" 172
"C:/Users/mason/Documents/Unreal Projects/Team13Altruism/Content/Materials/Bed_M/LP_Bed_initialShadingGroup_BaseColor.uasset" 173
"C:/Users/mason/Documents/Unreal Projects/Team13Altruism/Content/Materials/Bed_M/LP_Bed_initialShadingGroup_Normal.uasset" 174
"C:/Users/mason/Documents/Unreal Projects/Team13Altruism/Content/Materials/Bed_M/LP_Bed_initialShadingGroup_OcclusionRoughnessMetallic.uasset" 175
"C:/Users/mason/Documents/Unreal Projects/Team13Altruism/Content/Materials/Bed_M/Bed_M.uasset" 176
"C:/Users/mason/Documents/Unreal Projects/Team13Altruism/Content/Meshes/Bed_1.uasset" 177
"C:/Users/mason/Documents/Unreal Projects/Team13Altruism/Content/Meshes/LP_Bed_1_.uasset" 178
"C:/Users/mason/Documents/Unreal Projects/Team13Altruism/Content/Materials/CurtainsRaillBunting_M/LP_CurtainsRailBunting_initialShadingGroup_BaseColor.uasset" 179
"C:/Users/mason/Documents/Unreal Projects/Team13Altruism/Content/Materials/CurtainsRaillBunting_M/LP_CurtainsRailBunting_initialShadingGroup_Normal.uasset" 180
"C:/Users/mason/Documents/Unreal Projects/Team13Altruism/Content/Materials/CurtainsRaillBunting_M/LP_CurtainsRailBunting_initialShadingGroup_OcclusionRoughnessMetallic.uasset" 181
"C:/Users/mason/Documents/Unreal Projects/Team13Altruism/Content/Materials/CurtainsRaillBunting_M/CurtainsRailBunting_M.uasset" 182
"C:/Users/mason/Documents/Unreal Projects/Team13Altruism/Content/Meshes/Bunting_Fallen.uasset" 183
"C:/Users/mason/Documents/Unreal Projects/Team13Altruism/Content/Meshes/LP_Bunting_Fallen.uasset" 184
"C:/Users/mason/Documents/Unreal Projects/Team13Altruism/Content/Meshes/Bunting_Normal.uasset" 185
"C:/Users/mason/Documents/Unreal Projects/Team13Altruism/Content/Meshes/LP_Bunting_Normal.uasset" 186
"C:/Users/mason/Documents/Unreal Projects/Team13Altruism/Content/Meshes/Curtains_Rail.uasset" 187
"C:/Users/mason/Documents/Unreal Projects/Team13Altruism/Content/Meshes/LP_CurtainsAndRail.uasset" 188
"C:/Users/mason/Documents/Unreal Projects/Team13Altruism/Content/Materials/Rug_M/LP_Rug_Rectangle_initialShadingGroup_BaseColor.uasset" 189
"C:/Users/mason/Documents/Unreal Projects/Team13Altruism/Content/Materials/Rug_M/LP_Rug_Rectangle_initialShadingGroup_Normal.uasset" 190
"C:/Users/mason/Documents/Unreal Projects/Team13Altruism/Content/Materials/Rug_M/LP_Rug_Rectangle_initialShadingGroup_OcclusionRoughnessMetallic.uasset" 191
"C:/Users/mason/Documents/Unreal Projects/Team13Altruism/Content/Materials/Rug_M/Rug_M.uasset" 192
"C:/Users/mason/Documents/Unreal Projects/Team13Altruism/Content/Meshes/Rug_Rectangle.uasset" 193
"C:/Users/mason/Documents/Unreal Projects/Team13Altruism/Content/Meshes/LP_Rug_Rectangle.uasset" 194
"C:/Users/mason/Documents/Unreal Projects/Team13Altruism/Content/Materials/WallNormal_M/LP_Wall_Normal_initialShadingGroup_BaseColor.uasset" 195
"C:/Users/mason/Documents/Unreal Projects/Team13Altruism/Content/Materials/WallNormal_M/LP_Wall_Normal_initialShadingGroup_Normal.uasset" 196
"C:/Users/mason/Documents/Unreal Projects/Team13Altruism/Content/Materials/WallNormal_M/LP_Wall_Normal_initialShadingGroup_OcclusionRoughnessMetallic.uasset" 197
"C:/Users/mason/Documents/Unreal Projects/Team13Altruism/Content/Materials/WallNormal_M/WallNormal_M.uasset" 198
"C:/Users/mason/Documents/Unreal Projects/Team13Altruism/Content/Meshes/Wall_Normal.uasset" 199
"C:/Users/mason/Documents/Unreal Projects/Team13Altruism/Content/Meshes/LP_Wall_Normal.uasset" 200
"C:/Users/mason/Documents/Unreal Projects/Team13Altruism/Content/Materials/WallWindow_M/LP_Wall_Window_initialShadingGroup_BaseColor.uasset" 201
"C:/Users/mason/Documents/Unreal Projects/Team13Altruism/Content/Materials/WallWindow_M/LP_Wall_Window_initialShadingGroup_Normal.uasset" 202
"C:/Users/mason/Documents/Unreal Projects/Team13Altruism/Content/Materials/WallWindow_M/LP_Wall_Window_initialShadingGroup_OcclusionRoughnessMetallic.uasset" 203
"C:/Users/mason/Documents/Unreal Projects/Team13Altruism/Content/Materials/WallWindow_M/WallWindow_M.uasset" 204
"C:/Users/mason/Documents/Unreal Projects/Team13Altruism/Content/Meshes/Wall_Window.uasset" 205
"C:/Users/mason/Documents/Unreal Projects/Team13Altruism/Content/Meshes/LP_Wall_Window.uasset" 206
"C:/Users/mason/Documents/Unreal Projects/Team13Altruism/Content/Materials/Wardrobe_M/war_LP_initialShadingGroup_BaseColor.uasset" 207
"C:/Users/mason/Documents/Unreal Projects/Team13Altruism/Content/Materials/Wardrobe_M/war_LP_initialShadingGroup_Normal.uasset" 208
"C:/Users/mason/Documents/Unreal Projects/Team13Altruism/Content/Materials/Wardrobe_M/war_LP_initialShadingGroup_OcclusionRoughnessMetallic.uasset" 209
"C:/Users/mason/Documents/Unreal Projects/Team13Altruism/Content/Materials/Wardrobe_M/Wardrobe_M.uasset" 210
"C:/Users/mason/Documents/Unreal Projects/Team13Altruism/Content/Meshes/Wardrobe.uasset" 211
"C:/Users/mason/Documents/Unreal Projects/Team13Altruism/Content/Meshes/Wardrobe_RESIZED.uasset" 212
"C:/Users/mason/Documents/Unreal Projects/Team13Altruism/Content/Meshes/LP_Wardrobe_RESIZED.uasset" 213
"C:/Users/mason/Documents/Unreal Projects/Team13Altruism/Content/Materials/Window_M/LP_Window_initialShadingGroup_BaseColor.uasset" 214
"C:/Users/mason/Documents/Unreal Projects/Team13Altruism/Content/Materials/Window_M/LP_Window_initialShadingGroup_Normal.uasset" 215
"C:/Users/mason/Documents/Unreal Projects/Team13Altruism/Content/Materials/Window_M/LP_Window_initialShadingGroup_OcclusionRoughnessMetallic.uasset" 216
"C:/Users/mason/Documents/Unreal Projects/Team13Altruism/Content/Materials/Window_M/Window_M.uasset" 217
"C:/Users/mason/Documents/Unreal Projects/Team13Altruism/Content/Meshes/Window.uasset" 218
"C:/Users/mason/Documents/Unreal Projects/Team13Altruism/Content/Meshes/LP_Window.uasset" 219
"C:/Users/mason/Documents/Unreal Projects/Team13Altruism/Content/Meshes/midspid_lp_1_.uasset" 220
"C:/Users/mason/Documents/Unreal Projects/Team13Altruism/Content/Materials/LP_PHR_pasted__Triangle_Dec_3_group29Mat.uasset" 221
"C:/Users/mason/Documents/Unreal Projects/Team13Altruism/Content/Meshes/PhotoFrame_Rectangle.uasset" 222
"C:/Users/mason/Documents/Unreal Projects/Team13Altruism/Content/Materials/LP_PHS_pasted__Triangle_Dec_3_group29Mat.uasset" 223
"C:/Users/mason/Documents/Unreal Projects/Team13Altruism/Content/Meshes/PhotoFrame_Square.uasset" 224
"C:/Users/mason/Documents/Unreal Projects/Team13Altruism/Content/Materials/ToyBox_M/toybox_lp_initialShadingGroup_BaseColor.uasset" 225
"C:/Users/mason/Documents/Unreal Projects/Team13Altruism/Content/Materials/ToyBox_M/toybox_lp_initialShadingGroup_Normal.uasset" 226
"C:/Users/mason/Documents/Unreal Projects/Team13Altruism/Content/Materials/ToyBox_M/toybox_lp_initialShadingGroup_OcclusionRoughnessMetallic.uasset" 227
"C:/Users/mason/Documents/Unreal Projects/Team13Altruism/Content/Materials/ToyBox_M/ToyBox_M.uasset" 228
"C:/Users/mason/Documents/Unreal Projects/Team13Altruism/Content/Meshes/ToyBox.uasset" 229
"C:/Users/mason/Documents/Unreal Projects/Team13Altruism/Content/Meshes/toybox_lp.uasset" 230
"../../../Engine/Content/Animation/DefaultAnimCurveCompressionSettings.uasset" 231
"../../../Engine/Content/ArtTools/RenderToTexture/Meshes/S_1_Unit_Plane.uasset" 232
"../../../Engine/Content/BasicShapes/Cylinder.uasset" 233
"../../../Engine/Content/BasicShapes/Sphere.uasset" 234
"../../../Engine/Content/EditorLandscapeResources/DataLayer.uasset" 235
"../../../Engine/Content/EditorMaterials/MAT_Groups_Toggle.uasset" 236
"../../../Engine/Content/EditorMaterials/MAT_Groups_Visibility.uasset" 237
"../../../Engine/Content/EditorMaterials/PreviewShadowIndicator.uasset" 238
"../../../Engine/Content/EditorMaterials/PreviewShadowIndicatorMaterial.uasset" 239
"../../../Engine/Content/EditorMaterials/MatineeGroups/MAT_ColorTrack.uasset" 240
"../../../Engine/Content/EditorMaterials/MatineeGroups/MAT_Groups_Anim.uasset" 241
"../../../Engine/Content/EditorMaterials/MatineeGroups/MAT_Groups_AudioMaster.uasset" 242
"../../../Engine/Content/EditorMaterials/MatineeGroups/MAT_Groups_Director.uasset" 243
"../../../Engine/Content/EditorMaterials/MatineeGroups/MAT_Groups_Event.uasset" 244
"../../../Engine/Content/EditorMaterials/MatineeGroups/MAT_Groups_Fade.uasset" 245
"../../../Engine/Content/EditorMaterials/MatineeGroups/MAT_Groups_Float.uasset" 246
"../../../Engine/Content/EditorMaterials/MatineeGroups/MAT_Groups_Move.uasset" 247
"../../../Engine/Content/EditorMaterials/MatineeGroups/MAT_Groups_Slomo.uasset" 248
"../../../Engine/Content/EditorMaterials/MatineeGroups/MAT_Groups_Sound.uasset" 249
"../../../Engine/Content/EditorMaterials/MatineeGroups/MAT_Groups_Vector.uasset" 250
"../../../Engine/Content/EditorMaterials/ParticleSystems/PSysThumbnail_NoImage.uasset" 251
"../../../Engine/Content/EditorMaterials/ParticleSystems/PSysThumbnail_OOD.uasset" 252
"../../../Engine/Content/EditorMaterials/Camera/CineMat.uasset" 253
"../../../Engine/Content/EditorMaterials/Camera/MI_CineMat_Rig.uasset" 254
"../../../Engine/Content/EditorMeshes/Camera/SM_CraneRig_Arm.uasset" 255
"../../../Engine/Content/EditorMeshes/Camera/SM_CraneRig_Base.uasset" 256
"../../../Engine/Content/EditorMeshes/Camera/SM_CraneRig_Body.uasset" 257
"../../../Engine/Content/EditorMeshes/Camera/SM_CraneRig_Mount.uasset" 258
"../../../Engine/Content/EditorMeshes/Camera/SM_RailRig_Mount.uasset" 259
"../../../Engine/Content/EditorMeshes/Camera/SM_RailRig_Track.uasset" 260
"../../../Engine/Content/EditorResources/BSPVertex.uasset" 261
"../../../Engine/Content/EditorResources/EmptyActor.uasset" 262
"../../../Engine/Content/EditorResources/S_Actor.uasset" 263
"../../../Engine/Content/EditorResources/S_Note.uasset" 264
"../../../Engine/Content/EditorResources/S_Solver.uasset" 265
"../../../Engine/Content/EditorResources/S_Trigger.uasset" 266
"../../../Engine/Content/EditorResources/LightIcons/S_LightError.uasset" 267
"../../../Engine/Content/EditorResources/SequenceRecorder/Countdown.uasset" 268
"../../../Engine/Content/EditorResources/SequenceRecorder/RecordingIndicator.uasset" 269
"../../../Engine/Content/EditorSounds/Notifications/CompileFailed.uasset" 270
"../../../Engine/Content/EditorSounds/Notifications/CompileFailed_Cue.uasset" 271
"../../../Engine/Content/EditorSounds/Notifications/CompileSuccess.uasset" 272
"../../../Engine/Content/EditorSounds/Notifications/CompileStart_Cue.uasset" 273
"../../../Engine/Content/EditorSounds/Notifications/CompileSuccess_Cue.uasset" 274
"../../../Engine/Content/EngineDamageTypes/DmgTypeBP_Environmental.uasset" 275
"../../../Engine/Content/EngineDebugMaterials/DebugEditorMaterial.uasset" 276
"../../../Engine/Content/EngineDebugMaterials/DebugMeshMaterial.uasset" 277
"../../../Engine/Content/EngineDebugMaterials/M_SimpleUnlitTranslucent.uasset" 278
"../../../Engine/Content/Functions/Engine_MaterialFunctions02/Utility/CameraDirectionVector.uasset" 279
"../../../Engine/Content/EngineDebugMaterials/VolumeToRender.uasset" 280
"../../../Engine/Content/EngineDebugMaterials/M_VolumeRenderSphereTracePP.uasset" 281
"../../../Engine/Content/EngineDebugMaterials/WireframeMaterial.uasset" 282
"../../../Engine/Content/EngineFonts/Faces/DroidSansFallback.uasset" 283
"../../../Engine/Content/EngineFonts/Faces/RobotoBold.uasset" 284
"../../../Engine/Content/EngineFonts/Faces/RobotoBoldItalic.uasset" 285
"../../../Engine/Content/EngineFonts/Faces/RobotoItalic.uasset" 286
"../../../Engine/Content/EngineFonts/Faces/RobotoLight.uasset" 287
"../../../Engine/Content/EngineFonts/Faces/RobotoRegular.uasset" 288
"../../../Engine/Content/EngineFonts/Roboto.uasset" 289
"../../../Engine/Content/EngineMaterials/BaseFlattenDiffuseMap.uasset" 290
"../../../Engine/Content/EngineMaterials/BaseFlattenEmissiveMap.uasset" 291
"../../../Engine/Content/EngineMaterials/BaseFlattenGrayscaleMap.uasset" 292
"../../../Engine/Content/EngineMaterials/BaseFlattenNormalMap.uasset" 293
"../../../Engine/Content/EngineMaterials/BaseFlattenMaterial.uasset" 294
"../../../Engine/Content/EngineMaterials/BlueNoise.uasset" 295
"../../../Engine/Content/EngineMaterials/DefaultBloomKernel.uasset" 296
"../../../Engine/Content/EngineMaterials/DefaultBokeh.uasset" 297
"../../../Engine/Content/EngineMaterials/DefaultDiffuse.uasset" 298
"../../../Engine/Content/EngineMaterials/DefaultDeferredDecalMaterial.uasset" 299
"../../../Engine/Content/EngineMaterials/DefaultLightFunctionMaterial.uasset" 300
"../../../Engine/Content/EngineMaterials/DefaultPhysicalMaterial.uasset" 301
"../../../Engine/Content/Functions/Engine_MaterialFunctions02/Utility/BreakOutFloat2Components.uasset" 302
"../../../Engine/Content/EngineMaterials/DefaultPostProcessMaterial.uasset" 303
"../../../Engine/Content/EngineFonts/RobotoDistanceField.uasset" 304
"../../../Engine/Content/EngineMaterials/DefaultTextMaterialOpaque.uasset" 305
"../../../Engine/Content/EngineMaterials/DefaultWhiteGrid.uasset" 306
"../../../Engine/Content/EngineMaterials/DefaultWhiteGrid_Low.uasset" 307
"../../../Engine/Content/EngineMaterials/EmissiveMeshMaterial.uasset" 308
"../../../Engine/Content/EngineMaterials/GizmoMaterial.uasset" 309
"../../../Engine/Content/EngineMaterials/Good64x64TilingNoiseHighFreq.uasset" 310
"../../../Engine/Content/EngineMaterials/MiniFont.uasset" 311
"../../../Engine/Content/EngineMaterials/InvalidLightmapSettings.uasset" 312
"../../../Engine/Content/EngineMaterials/M_InvalidLightmapSettings.uasset" 313
"../../../Engine/Content/Functions/Engine_MaterialFunctions02/WorldPositionOffset/CameraOffset.uasset" 314
"../../../Engine/Content/EngineMaterials/PhAT_JointLimitMaterial.uasset" 315
"../../../Engine/Content/EngineMaterials/PreintegratedSkinBRDF.uasset" 316
"../../../Engine/Content/EngineMaterials/RemoveSurfaceMaterial.uasset" 317
"../../../Engine/Content/EngineMaterials/WeightMapPlaceholderTexture.uasset" 318
"../../../Engine/Content/EngineResources/WhiteSquareTexture.uasset" 319
"../../../Engine/Content/EngineMaterials/Widget3DPassThrough.uasset" 320
"../../../Engine/Content/EngineMaterials/Widget3DPassThrough_Masked.uasset" 321
"../../../Engine/Content/EngineMaterials/Widget3DPassThrough_Opaque.uasset" 322
"../../../Engine/Content/EngineMaterials/Widget3DPassThrough_Masked_OneSided.uasset" 323
"../../../Engine/Content/EngineMaterials/Widget3DPassThrough_Opaque_OneSided.uasset" 324
"../../../Engine/Content/EngineMaterials/Widget3DPassThrough_Translucent.uasset" 325
"../../../Engine/Content/EngineMaterials/Widget3DPassThrough_Translucent_OneSided.uasset" 326
"../../../Engine/Content/EngineMeshes/Cylinder.uasset" 327
"../../../Engine/Content/EngineResources/Black.uasset" 328
"../../../Engine/Content/EngineResources/DefaultTexture.uasset" 329
"../../../Engine/Content/EngineResources/DefaultTextureCube.uasset" 330
"../../../Engine/Content/EngineResources/DefaultVolumeTexture2D.uasset" 331
"../../../Engine/Content/EngineResources/DefaultVolumeTexture.uasset" 332
"../../../Engine/Content/EngineResources/GradientTexture0.uasset" 333
"../../../Engine/Content/EngineSounds/Master.uasset" 334
"../../../Engine/Content/Functions/Engine_MaterialFunctions01/Shading/ConvertFromDiffSpec.uasset" 335
"../../../Engine/Content/Functions/Engine_MaterialFunctions01/Shading/PowerToRoughness.uasset" 336
"../../../Engine/Content/Maps/Templates/Thumbnails/Default.uasset" 337
"../../../Engine/Content/Maps/Templates/Thumbnails/TimeOfDay.uasset" 338
"../../../Engine/Content/Maps/Templates/Thumbnails/VR-Basic.uasset" 339
"../../../Engine/Content/MobileResources/T_MobileControls_texture.uasset" 340
"../../../Engine/Content/MobileResources/T_MobileMenu2.uasset" 341
"../../../Engine/Content/MobileResources/HUD/AnalogHat.uasset" 342
"../../../Engine/Content/MobileResources/HUD/VirtualJoystick_Background.uasset" 343
"../../../Engine/Content/MobileResources/HUD/VirtualJoystick_Thumb.uasset" 344
"../../../Engine/Content/MobileResources/HUD/DefaultVirtualJoysticks.uasset" 345
"../../../Engine/Content/MobileResources/HUD/LeftVirtualJoystickOnly.uasset" 346
"../../../Engine/Content/MobileResources/HUD/MobileHUDButton1_off.uasset" 347
"../../../Engine/Content/MobileResources/HUD/MobileHUDButton1_on.uasset" 348
"../../../Engine/Content/MobileResources/HUD/MobileHUDButton2_off.uasset" 349
"../../../Engine/Content/MobileResources/HUD/MobileHUDButton2_on.uasset" 350
"../../../Engine/Content/MobileResources/HUD/MobileHUDButton3.uasset" 351
"../../../Engine/Content/MobileResources/HUD/MobileHUDButtonFire.uasset" 352
"../../../Engine/Content/MobileResources/HUD/MobileHUDDirectionPad.uasset" 353
"../../../Engine/Content/MobileResources/HUD/MobileHUDDirectionPad2.uasset" 354
"../../../Engine/Content/MobileResources/HUD/MobileHUDDirectionPad3.uasset" 355
"../../../Engine/Content/MobileResources/HUD/MobileHUDDirectionStick.uasset" 356
"../../../Engine/Content/MobileResources/HUD/T_Castle_ThumbstickInner.uasset" 357
"../../../Engine/Content/MobileResources/HUD/T_Castle_ThumbstickOutter.uasset" 358
"../../../Engine/Content/Tutorial/ContentIntroCurve.uasset" 359
"../../../Engine/Content/Tutorial/Basics/LevelEditorAttract.uasset" 360
"../../../Engine/Content/Tutorial/Basics/TutorialAssets/icon_tab_Levels_40x.uasset" 361
"../../../Engine/Content/Tutorial/Basics/LevelEditorOverview.uasset" 362
"../../../Engine/Content/VREditor/LaserPointer/VR_LaserPower_01.uasset" 363
"../../../Engine/Content/VREditor/TransformGizmo/TransformGizmoMaterial.uasset" 364
"../../../Engine/Content/VREditor/TransformGizmo/TranslucentTransformGizmoMaterial.uasset" 365
"../../../Engine/Content/VREditor/TransformGizmo/BoundingBoxCorner.uasset" 366
"../../../Engine/Content/VREditor/TransformGizmo/BoundingBoxEdge.uasset" 367
"../../../Engine/Content/VREditor/TransformGizmo/PlaneTranslationHandle.uasset" 368
"../../../Engine/Content/VREditor/TransformGizmo/Main.uasset" 369
"../../../Engine/Content/VREditor/TransformGizmo/Xray.uasset" 370
"../../../Engine/Content/VREditor/TransformGizmo/SM_Sequencer_Key.uasset" 371
"../../../Engine/Content/VREditor/TransformGizmo/SM_Sequencer_Node.uasset" 372
"../../Plugins/2D/Paper2D/Content/PlaceholderTextures/DummySpriteTexture.uasset" 373
"../../Plugins/2D/Paper2D/Content/DummySprite.uasset" 374
"../../Plugins/2D/Paper2D/Content/DefaultPaperTerrainMaterial.uasset" 375
"../../Plugins/2D/Paper2D/Content/DefaultSpriteMaterial.uasset" 376
"../../Plugins/2D/Paper2D/Content/MaskedUnlitSpriteMaterial.uasset" 377
"../../Plugins/2D/Paper2D/Content/OpaqueUnlitSpriteMaterial.uasset" 378
"../../Plugins/FX/Niagara/Content/Enums/ENiagaraBooleanLogicOps.uasset" 379
"../../Plugins/FX/Niagara/Content/Enums/ENiagaraCoordinateSpace.uasset" 380
"../../Plugins/FX/Niagara/Content/Enums/ENiagaraExpansionMode.uasset" 381
"../../Plugins/FX/Niagara/Content/Enums/ENiagaraOrientationAxis.uasset" 382
"../../Plugins/FX/Niagara/Content/Enums/ENiagaraRandomnessMode.uasset" 383
"../../../Engine/Content/Functions/Engine_MaterialFunctions02/Utility/BreakOutFloat4Components.uasset" 384
"../../../Engine/Content/Functions/Engine_MaterialFunctions02/Utility/MakeFloat2.uasset" 385
"../../../Engine/Content/Functions/Engine_MaterialFunctions02/Utility/MakeFloat3.uasset" 386
"../../Plugins/Runtime/Oculus/OculusVR/Content/Materials/OculusMR_ChromaKey.uasset" 387
"../../Plugins/Runtime/Oculus/OculusVR/Content/Materials/OculusMR_ChromaKey_Lit.uasset" 388
"../../Plugins/Runtime/Oculus/OculusVR/Content/Materials/OculusMR_OpaqueColoredMaterial.uasset" 389
"../../Plugins/Runtime/Oculus/OculusVR/Content/Materials/OculusMR_WhiteMaterial.uasset" 390
"../../../Engine/Content/EngineSky/C_Sky_Cloud_Color.uasset" 391
"../../../Engine/Content/EngineSky/C_Sky_Horizon_Color.uasset" 392
"../../../Engine/Content/EngineSky/C_Sky_Zenith_Color.uasset" 393
"../../../Engine/Content/EngineSky/T_Sky_Blue.uasset" 394
"../../../Engine/Content/EngineSky/T_Sky_Clouds_M.uasset" 395
"../../../Engine/Content/EngineSky/T_Sky_Stars.uasset" 396
"../../../Engine/Content/EngineSky/M_Sky_Panning_Clouds2.uasset" 397
"../../../Engine/Content/EngineSky/SM_SkySphere.uasset" 398
"../../../Engine/Content/EngineSky/BP_Sky_Sphere.uasset" 399
"C:/Users/mason/Documents/Unreal Projects/Team13Altruism/Content/Blueprints/AI/BP_End.uasset" 400
"C:/Users/mason/Documents/Unreal Projects/Team13Altruism/Content/Levels/BedTest1_BuiltData.uasset" 401
"C:/Users/mason/Documents/Unreal Projects/Team13Altruism/Content/Blueprints/AI/M_Black.uasset" 402
"C:/Users/mason/Documents/Unreal Projects/Team13Altruism/Content/Materials/Bed_Default.uasset" 403
"C:/Users/mason/Documents/Unreal Projects/Team13Altruism/Content/Meshes/Bed.uasset" 404
"C:/Users/mason/Documents/Unreal Projects/Team13Altruism/Content/Meshes/LP_Bed.uasset" 405
"C:/Users/mason/Documents/Unreal Projects/Team13Altruism/Content/Levels/BedTest1.umap" 406
"C:/Users/mason/Documents/Unreal Projects/Team13Altruism/Content/Levels/FinalMap_BuiltData.uasset" 407
"C:/Users/mason/Documents/Unreal Projects/Team13Altruism/Content/DayNightCycle/Night3.uasset" 408
"C:/Users/mason/Documents/Unreal Projects/Team13Altruism/Content/DayNightCycle/M_DayNight.uasset" 409
"C:/Users/mason/Documents/Unreal Projects/Team13Altruism/Content/Materials/Carpet_M/LP_Floor_initialShadingGroup_BaseColor.uasset" 410
"C:/Users/mason/Documents/Unreal Projects/Team13Altruism/Content/Materials/Carpet_M/LP_Floor_initialShadingGroup_Normal.uasset" 411
"C:/Users/mason/Documents/Unreal Projects/Team13Altruism/Content/Materials/Carpet_M/LP_Floor_initialShadingGroup_OcclusionRoughnessMetallic.uasset" 412
"C:/Users/mason/Documents/Unreal Projects/Team13Altruism/Content/Materials/Carpet_M/Carpet_M.uasset" 413
"C:/Users/mason/Documents/Unreal Projects/Team13Altruism/Content/Meshes/Floor.uasset" 414
"C:/Users/mason/Documents/Unreal Projects/Team13Altruism/Content/Materials/Window_V2_M/LP_Window_V2_initialShadingGroup_BaseColor.uasset" 415
"C:/Users/mason/Documents/Unreal Projects/Team13Altruism/Content/Materials/Window_V2_M/LP_Window_V2_initialShadingGroup_Normal.uasset" 416
"C:/Users/mason/Documents/Unreal Projects/Team13Altruism/Content/Materials/Window_V2_M/LP_Window_V2_initialShadingGroup_OcclusionRoughnessMetallic.uasset" 417
"C:/Users/mason/Documents/Unreal Projects/Team13Altruism/Content/Materials/Window_V2_M/Window_Frame_M.uasset" 418
"C:/Users/mason/Documents/Unreal Projects/Team13Altruism/Content/Meshes/Window__Frame.uasset" 419
"C:/Users/mason/Documents/Unreal Projects/Team13Altruism/Content/Materials/Window_V2_M/Window_Glass_M.uasset" 420
"C:/Users/mason/Documents/Unreal Projects/Team13Altruism/Content/Meshes/Window_Glass.uasset" 421
"C:/Users/mason/Documents/Unreal Projects/Team13Altruism/Content/Meshes/WoodenBlock_1.uasset" 422
"C:/Users/mason/Documents/Unreal Projects/Team13Altruism/Content/Meshes/WoodenBlock_2.uasset" 423
"C:/Users/mason/Documents/Unreal Projects/Team13Altruism/Content/Meshes/WoodenBlock_3.uasset" 424
"C:/Users/mason/Documents/Unreal Projects/Team13Altruism/Content/Meshes/WoodenBlock_4.uasset" 425
"C:/Users/mason/Documents/Unreal Projects/Team13Altruism/Content/Meshes/WoodenBlock_5.uasset" 426
"C:/Users/mason/Documents/Unreal Projects/Team13Altruism/Content/Meshes/WoodenBlock_6.uasset" 427
"C:/Users/mason/Documents/Unreal Projects/Team13Altruism/Content/Meshes/WoodenBlock_7.uasset" 428
"C:/Users/mason/Documents/Unreal Projects/Team13Altruism/Content/Levels/FinalMap.umap" 429
"C:/Users/mason/Documents/Unreal Projects/Team13Altruism/Content/Levels/Main_Menu.umap" 430
"C:/Users/mason/Documents/Unreal Projects/Team13Altruism/Content/Levels/MasonTest1_BuiltData.uasset" 431
"../../../Engine/Content/MapTemplates/SM_Template_Map_Floor.uasset" 432
"C:/Users/mason/Documents/Unreal Projects/Team13Altruism/Content/Levels/MasonTest1.umap" 433
"C:/Users/mason/Documents/Unreal Projects/Team13Altruism/Content/Levels/MeshTest_BuiltData.uasset" 434
"C:/Users/mason/Documents/Unreal Projects/Team13Altruism/Content/Levels/MeshTest.umap" 435
"C:/Users/mason/Documents/Unreal Projects/Team13Altruism/Content/Levels/WeaponTest_BuiltData.uasset" 436
"C:/Users/mason/Documents/Unreal Projects/Team13Altruism/Content/Levels/WeaponTest.umap" 437
"../../../Engine/Content/Maps/Entry_BuiltData.uasset" 438
"../../../Engine/Content/Maps/Entry.umap" 439
